# GNU Make 3.81
# Copyright (C) 2006  Free Software Foundation, Inc.
# This is free software; see the source for copying conditions.
# There is NO warranty; not even for MERCHANTABILITY or FITNESS FOR A
# PARTICULAR PURPOSE.

# This program built for i386-apple-darwin11.3.0

# Make data base, printed on Thu Aug 18 19:28:05 2022

# Variables

# automatic
<D = $(patsubst %/,%,$(dir $<))
# automatic
?F = $(notdir $?)
# environment
ELECTRON_NO_ATTACH_CONSOLE = 1
# automatic
?D = $(patsubst %/,%,$(dir $?))
# automatic
@D = $(patsubst %/,%,$(dir $@))
# automatic
@F = $(notdir $@)
# makefile
CURDIR := /Users/richardanaya/wasi.run
# makefile
SHELL = /bin/sh
# environment
VSCODE_NLS_CONFIG = {"locale":"en-us","availableLanguages":{},"_languagePackSupport":true}
# environment
_ = /usr/bin/make
# environment
STARSHIP_SESSION_KEY = 2661711215726423
# environment
__CFBundleIdentifier = com.microsoft.VSCode
# environment
VSCODE_CWD = /Users/richardanaya/wasi.run
# environment
PATH = /Users/richardanaya/.wasmtime/bin:/Users/richardanaya/.cargo/bin:/opt/homebrew/Caskroom/miniconda/base/bin:/opt/homebrew/Caskroom/miniconda/base/condabin:/usr/local/bin:/usr/bin:/bin:/usr/sbin:/sbin:/Library/Apple/usr/bin
# makefile (from `Makefile', line 1)
MAKEFILE_LIST :=  Makefile
# environment
ALACRITTY_LOG = /var/folders/tp/pk9g3knj2z7dnsbwvh8dmgcr0000gn/T/Alacritty-409.log
# environment
LaunchInstanceID = 149A1A2B-2EFB-4C9B-86F8-58DBA8DBFBD5
# environment
ELECTRON_RUN_AS_NODE = 1
# default
.FEATURES := target-specific order-only second-expansion else-if archives jobserver check-symlink
# environment
SSH_AUTH_SOCK = /private/tmp/com.apple.launchd.QNVX7PwjIF/Listeners
# automatic
%F = $(notdir $%)
# environment
CONDA_EXE = /opt/homebrew/Caskroom/miniconda/base/bin/conda
# environment
PWD = /Users/richardanaya/wasi.run
# environment
ORIGINAL_XDG_CURRENT_DESKTOP = undefined
# environment
VSCODE_AMD_ENTRYPOINT = vs/workbench/api/node/extensionHostProcess
# environment
HOME = /Users/richardanaya
# default
MAKEFILEPATH := /Applications/Xcode.app/Contents/Developer/Makefiles
# environment
VSCODE_CLI = 1
# environment
VSCODE_CODE_CACHE_PATH = /Users/richardanaya/Library/Application Support/Code/CachedData/da76f93349a72022ca4670c1b84860304616aaa2
# environment
LOGNAME = richardanaya
# environment
APPLICATION_INSIGHTS_NO_DIAGNOSTIC_CHANNEL = true
# environment
CONDA_PROMPT_MODIFIER = (base) 
# environment
WASMTIME_HOME = /Users/richardanaya/.wasmtime
# environment
VSCODE_HANDLES_UNCAUGHT_ERRORS = true
# automatic
^D = $(patsubst %/,%,$(dir $^))
# environment
CONDA_DEFAULT_ENV = base
# environment
XPC_FLAGS = 0x0
# environment
COLORTERM = truecolor
# default
MAKE = $(MAKE_COMMAND)
# default
MAKECMDGOALS := all
# environment
SHLVL = 4
# default
MAKE_VERSION := 3.81
# environment
USER = richardanaya
# makefile
.DEFAULT_GOAL := build
# automatic
%D = $(patsubst %/,%,$(dir $%))
# environment
CONDA_SHLVL = 1
# default
MAKE_COMMAND := /Applications/Xcode.app/Contents/Developer/usr/bin/make
# default
.VARIABLES := 
# environment
TMPDIR = /var/folders/tp/pk9g3knj2z7dnsbwvh8dmgcr0000gn/T/
# automatic
*F = $(notdir $*)
# environment
VSCODE_IPC_HOOK = /Users/richardanaya/Library/Application Support/Code/1.70.0-main.sock
# environment
MallocNanoZone = 0
# makefile
MAKEFLAGS = Rrqp
# environment
MFLAGS = -Rrqp
# automatic
*D = $(patsubst %/,%,$(dir $*))
# environment
XPC_SERVICE_NAME = application.com.microsoft.VSCode.33866738.33866744.75ED8CD2-D21E-4298-A68F-0A29C3BC6BF7
# automatic
+D = $(patsubst %/,%,$(dir $+))
# automatic
+F = $(notdir $+)
# environment
__CF_USER_TEXT_ENCODING = 0x1F5:0x0:0x0
# environment
COMMAND_MODE = unix2003
# default
MAKEFILES := 
# automatic
<F = $(notdir $<)
# environment
LC_ALL = C
# environment
CONDA_PYTHON_EXE = /opt/homebrew/Caskroom/miniconda/base/bin/python
# environment
SECURITYSESSIONID = 186a4
# automatic
^F = $(notdir $^)
# default
SUFFIXES := 
# environment
_CE_M = 
# environment
_CE_CONDA = 
# default
.INCLUDE_DIRS = /usr/local/include
# environment
MAKELEVEL := 0
# environment
CONDA_PREFIX = /opt/homebrew/Caskroom/miniconda/base
# environment
TERM = xterm-256color
# environment
VSCODE_PID = 418
# environment
STARSHIP_SHELL = bash
# environment
LANG = C
# variable set hash-table stats:
# Load=76/1024=7%, Rehash=0, Collisions=6/100=6%

# Pattern-specific Variable Values

# No pattern-specific variable values.

# Directories

# . (device 16777231, inode 34401098): 18 files, no impossibilities.

# 18 files, no impossibilities in 1 directories.

# Implicit Rules

# No implicit rules.

# Files

# Not a target:
all:
#  Command-line target.
#  Implicit rule search has been done.
#  File does not exist.
#  File has not been updated.
# variable set hash-table stats:
# Load=0/32=0%, Rehash=0, Collisions=0/0=0%

# Not a target:
.SUFFIXES:
#  Implicit rule search has not been done.
#  Modification time never checked.
#  File has not been updated.

# Not a target:
Makefile:
#  Implicit rule search has been done.
#  Last modified 2022-08-18 19:10:43
#  File has been updated.
#  Successfully updated.
# variable set hash-table stats:
# Load=0/32=0%, Rehash=0, Collisions=0/0=0%

build:
#  Implicit rule search has not been done.
#  Modification time never checked.
#  File has not been updated.
#  commands to execute (from `Makefile', line 2):
	yarn build
	cp -r dist/* docs
	

# Not a target:
.DEFAULT:
#  Implicit rule search has not been done.
#  Modification time never checked.
#  File has not been updated.

deploy: build
#  Implicit rule search has not been done.
#  Modification time never checked.
#  File has not been updated.
#  commands to execute (from `Makefile', line 6):
	git add .
	git commit -m "deploy"
	git push origin main
	

# files hash-table stats:
# Load=6/1024=1%, Rehash=0, Collisions=0/19=0%
# VPATH Search Paths

# No `vpath' search paths.

# No general (`VPATH' variable) search path.

# # of strings in strcache: 1
# # of strcache buffers: 1
# strcache size: total = 4096 / max = 4096 / min = 4096 / avg = 4096
# strcache free: total = 4087 / max = 4087 / min = 4087 / avg = 4087

# Finished Make data base on Thu Aug 18 19:28:05 2022

 
make: *** No rule to make target `all'.  Stop.

